<?xml version="1.0" encoding="UTF-8"?>
<!-- Generated by org.testng.reporters.JUnitXMLReporter -->
<testsuite hostname="DESKTOP-8FDCMHT" ignored="0" name="Default test" tests="4" failures="0" timestamp="2022-04-06T17:56:59 IST" time="89.981" errors="0">
  <testcase name="RegistrationPageTest" time="6.162" classname="com.datadriven.DataDrivenTest"/>
  <testcase name="RegistrationPageTest" time="4.298" classname="com.datadriven.DataDrivenTest"/>
  <testcase name="RegistrationPageTest" time="4.551" classname="com.datadriven.DataDrivenTest"/>
  <testcase name="RegistrationPageTest" time="4.257" classname="com.datadriven.DataDrivenTest"/>
</testsuite> <!-- Default test -->
