<?xml version="1.0" encoding="UTF-8"?>
<testng-results skipped="0" failed="0" ignored="0" total="4" passed="4">
  <reporter-output>
  </reporter-output>
  <suite name="Default suite" duration-ms="89981" started-at="2022-04-06T17:55:29 IST" finished-at="2022-04-06T17:56:59 IST">
    <groups>
    </groups>
    <test name="Default test" duration-ms="89981" started-at="2022-04-06T17:55:29 IST" finished-at="2022-04-06T17:56:59 IST">
      <class name="com.datadriven.DataDrivenTest">
        <test-method status="PASS" signature="setUp()[pri:0, instance:com.datadriven.DataDrivenTest@7a3d45bd]" name="setUp" is-config="true" duration-ms="22072" started-at="2022-04-06T17:55:34 IST" finished-at="2022-04-06T17:55:56 IST">
          <reporter-output>
          </reporter-output>
        </test-method> <!-- setUp -->
        <test-method status="PASS" signature="RegistrationPageTest(java.lang.String,java.lang.String,java.lang.String,java.lang.String,java.lang.String,java.lang.String,java.lang.String)[pri:0, instance:com.datadriven.DataDrivenTest@7a3d45bd]" name="RegistrationPageTest" duration-ms="6162" started-at="2022-04-06T17:55:56 IST" data-provider="gettingTestdata" finished-at="2022-04-06T17:56:02 IST">
          <params>
            <param index="0">
              <value>
                <![CDATA[ragini]]>
              </value>
            </param>
            <param index="1">
              <value>
                <![CDATA[patil]]>
              </value>
            </param>
            <param index="2">
              <value>
                <![CDATA[45,newcolony]]>
              </value>
            </param>
            <param index="3">
              <value>
                <![CDATA[shivajinagar]]>
              </value>
            </param>
            <param index="4">
              <value>
                <![CDATA[Kolhapur]]>
              </value>
            </param>
            <param index="5">
              <value>
                <![CDATA[India]]>
              </value>
            </param>
            <param index="6">
              <value>
                <![CDATA[ragini@gmail.com]]>
              </value>
            </param>
          </params>
          <reporter-output>
          </reporter-output>
        </test-method> <!-- RegistrationPageTest -->
        <test-method status="PASS" signature="tearDown()[pri:0, instance:com.datadriven.DataDrivenTest@7a3d45bd]" name="tearDown" is-config="true" duration-ms="2438" started-at="2022-04-06T17:56:02 IST" finished-at="2022-04-06T17:56:04 IST">
          <reporter-output>
          </reporter-output>
        </test-method> <!-- tearDown -->
        <test-method status="PASS" signature="setUp()[pri:0, instance:com.datadriven.DataDrivenTest@7a3d45bd]" name="setUp" is-config="true" duration-ms="18047" started-at="2022-04-06T17:56:04 IST" finished-at="2022-04-06T17:56:22 IST">
          <reporter-output>
          </reporter-output>
        </test-method> <!-- setUp -->
        <test-method status="PASS" signature="RegistrationPageTest(java.lang.String,java.lang.String,java.lang.String,java.lang.String,java.lang.String,java.lang.String,java.lang.String)[pri:0, instance:com.datadriven.DataDrivenTest@7a3d45bd]" name="RegistrationPageTest" duration-ms="4298" started-at="2022-04-06T17:56:22 IST" data-provider="gettingTestdata" finished-at="2022-04-06T17:56:27 IST">
          <params>
            <param index="0">
              <value>
                <![CDATA[peter]]>
              </value>
            </param>
            <param index="1">
              <value>
                <![CDATA[alex]]>
              </value>
            </param>
            <param index="2">
              <value>
                <![CDATA[10,newstreet]]>
              </value>
            </param>
            <param index="3">
              <value>
                <![CDATA[downstreet]]>
              </value>
            </param>
            <param index="4">
              <value>
                <![CDATA[Sunnywale]]>
              </value>
            </param>
            <param index="5">
              <value>
                <![CDATA[Belarus]]>
              </value>
            </param>
            <param index="6">
              <value>
                <![CDATA[peter@gmail.com]]>
              </value>
            </param>
          </params>
          <reporter-output>
          </reporter-output>
        </test-method> <!-- RegistrationPageTest -->
        <test-method status="PASS" signature="tearDown()[pri:0, instance:com.datadriven.DataDrivenTest@7a3d45bd]" name="tearDown" is-config="true" duration-ms="995" started-at="2022-04-06T17:56:27 IST" finished-at="2022-04-06T17:56:28 IST">
          <reporter-output>
          </reporter-output>
        </test-method> <!-- tearDown -->
        <test-method status="PASS" signature="setUp()[pri:0, instance:com.datadriven.DataDrivenTest@7a3d45bd]" name="setUp" is-config="true" duration-ms="11414" started-at="2022-04-06T17:56:28 IST" finished-at="2022-04-06T17:56:39 IST">
          <reporter-output>
          </reporter-output>
        </test-method> <!-- setUp -->
        <test-method status="PASS" signature="RegistrationPageTest(java.lang.String,java.lang.String,java.lang.String,java.lang.String,java.lang.String,java.lang.String,java.lang.String)[pri:0, instance:com.datadriven.DataDrivenTest@7a3d45bd]" name="RegistrationPageTest" duration-ms="4551" started-at="2022-04-06T17:56:39 IST" data-provider="gettingTestdata" finished-at="2022-04-06T17:56:44 IST">
          <params>
            <param index="0">
              <value>
                <![CDATA[robin]]>
              </value>
            </param>
            <param index="1">
              <value>
                <![CDATA[ole]]>
              </value>
            </param>
            <param index="2">
              <value>
                <![CDATA[52,newmart]]>
              </value>
            </param>
            <param index="3">
              <value>
                <![CDATA[street4]]>
              </value>
            </param>
            <param index="4">
              <value>
                <![CDATA[lossangeles]]>
              </value>
            </param>
            <param index="5">
              <value>
                <![CDATA[Mexico]]>
              </value>
            </param>
            <param index="6">
              <value>
                <![CDATA[robin@gmail.com]]>
              </value>
            </param>
          </params>
          <reporter-output>
          </reporter-output>
        </test-method> <!-- RegistrationPageTest -->
        <test-method status="PASS" signature="tearDown()[pri:0, instance:com.datadriven.DataDrivenTest@7a3d45bd]" name="tearDown" is-config="true" duration-ms="940" started-at="2022-04-06T17:56:44 IST" finished-at="2022-04-06T17:56:44 IST">
          <reporter-output>
          </reporter-output>
        </test-method> <!-- tearDown -->
        <test-method status="PASS" signature="setUp()[pri:0, instance:com.datadriven.DataDrivenTest@7a3d45bd]" name="setUp" is-config="true" duration-ms="9394" started-at="2022-04-06T17:56:44 IST" finished-at="2022-04-06T17:56:54 IST">
          <reporter-output>
          </reporter-output>
        </test-method> <!-- setUp -->
        <test-method status="PASS" signature="RegistrationPageTest(java.lang.String,java.lang.String,java.lang.String,java.lang.String,java.lang.String,java.lang.String,java.lang.String)[pri:0, instance:com.datadriven.DataDrivenTest@7a3d45bd]" name="RegistrationPageTest" duration-ms="4257" started-at="2022-04-06T17:56:54 IST" data-provider="gettingTestdata" finished-at="2022-04-06T17:56:58 IST">
          <params>
            <param index="0">
              <value>
                <![CDATA[Nitin]]>
              </value>
            </param>
            <param index="1">
              <value>
                <![CDATA[yadav]]>
              </value>
            </param>
            <param index="2">
              <value>
                <![CDATA[325,new road]]>
              </value>
            </param>
            <param index="3">
              <value>
                <![CDATA[chakan]]>
              </value>
            </param>
            <param index="4">
              <value>
                <![CDATA[pune]]>
              </value>
            </param>
            <param index="5">
              <value>
                <![CDATA[India]]>
              </value>
            </param>
            <param index="6">
              <value>
                <![CDATA[nitin@gmail.com]]>
              </value>
            </param>
          </params>
          <reporter-output>
          </reporter-output>
        </test-method> <!-- RegistrationPageTest -->
        <test-method status="PASS" signature="tearDown()[pri:0, instance:com.datadriven.DataDrivenTest@7a3d45bd]" name="tearDown" is-config="true" duration-ms="918" started-at="2022-04-06T17:56:58 IST" finished-at="2022-04-06T17:56:59 IST">
          <reporter-output>
          </reporter-output>
        </test-method> <!-- tearDown -->
      </class> <!-- com.datadriven.DataDrivenTest -->
    </test> <!-- Default test -->
  </suite> <!-- Default suite -->
</testng-results>
